\BOOKMARK [1][-]{section.1}{\376\377\000I\000n\000t\000r\000o\000d\000u\000c\000t\000i\000o\000n}{}% 1
\BOOKMARK [2][-]{subsection.1.1}{\376\377\000P\000e\000r\000s\000o\000n\000n\000e\000l}{section.1}% 2
\BOOKMARK [2][-]{subsection.1.2}{\376\377\000S\000c\000o\000p\000e}{section.1}% 3
\BOOKMARK [2][-]{subsection.1.3}{\376\377\000M\000e\000t\000h\000o\000d\000o\000l\000o\000g\000y}{section.1}% 4
\BOOKMARK [2][-]{subsection.1.4}{\376\377\000R\000e\000q\000u\000i\000r\000e\000m\000e\000n\000t\000s}{section.1}% 5
\BOOKMARK [2][-]{subsection.1.5}{\376\377\000P\000r\000o\000v\000i\000d\000e\000d\000\040\000I\000n\000f\000o\000r\000m\000a\000t\000i\000o\000n}{section.1}% 6
\BOOKMARK [2][-]{subsection.1.6}{\376\377\000L\000i\000m\000i\000t\000a\000t\000i\000o\000n\000s}{section.1}% 7
\BOOKMARK [2][-]{subsection.1.7}{\376\377\000T\000o\000o\000l\000s}{section.1}% 8
\BOOKMARK [1][-]{section.2}{\376\377\000R\000e\000s\000u\000l\000t\000s}{}% 9
\BOOKMARK [2][-]{subsection.2.1}{\376\377\000[\000A\000N\000A\000L\000Y\000S\000I\000S\000]\000\040\000L\000D\000A\000P\000\040\000I\000n\000j\000e\000c\000t\000i\000o\000n}{section.2}% 10
\BOOKMARK [3][-]{subsubsection.2.1.1}{\376\377\000E\000v\000i\000d\000e\000n\000c\000e}{subsection.2.1}% 11
\BOOKMARK [3][-]{subsubsection.2.1.2}{\376\377\000A\000f\000f\000e\000c\000t\000e\000d\000\040\000A\000s\000s\000e\000t\000s}{subsection.2.1}% 12
\BOOKMARK [3][-]{subsubsection.2.1.3}{\376\377\000S\000e\000v\000e\000r\000i\000t\000y}{subsection.2.1}% 13
\BOOKMARK [3][-]{subsubsection.2.1.4}{\376\377\000R\000e\000c\000o\000m\000m\000e\000n\000d\000a\000t\000i\000o\000n\000s}{subsection.2.1}% 14
\BOOKMARK [3][-]{subsubsection.2.1.5}{\376\377\000R\000e\000f\000e\000r\000e\000n\000c\000e\000s}{subsection.2.1}% 15
\BOOKMARK [3][-]{subsubsection.2.1.6}{\376\377\000I\000m\000a\000g\000e\000s}{subsection.2.1}% 16
\BOOKMARK [2][-]{subsection.2.2}{\376\377\000[\000P\000O\000V\000]\000\040\000I\000n\000s\000e\000c\000u\000r\000e\000\040\000D\000e\000s\000e\000r\000i\000a\000l\000i\000z\000a\000t\000i\000o\000n}{section.2}% 17
\BOOKMARK [3][-]{subsubsection.2.2.1}{\376\377\000E\000v\000i\000d\000e\000n\000c\000e}{subsection.2.2}% 18
\BOOKMARK [3][-]{subsubsection.2.2.2}{\376\377\000A\000f\000f\000e\000c\000t\000e\000d\000\040\000A\000s\000s\000e\000t\000s}{subsection.2.2}% 19
\BOOKMARK [3][-]{subsubsection.2.2.3}{\376\377\000S\000e\000v\000e\000r\000i\000t\000y}{subsection.2.2}% 20
\BOOKMARK [3][-]{subsubsection.2.2.4}{\376\377\000R\000e\000c\000o\000m\000m\000e\000n\000d\000a\000t\000i\000o\000n\000s}{subsection.2.2}% 21
\BOOKMARK [3][-]{subsubsection.2.2.5}{\376\377\000R\000e\000f\000e\000r\000e\000n\000c\000e\000s}{subsection.2.2}% 22
\BOOKMARK [3][-]{subsubsection.2.2.6}{\376\377\000I\000m\000a\000g\000e\000s}{subsection.2.2}% 23
\BOOKMARK [2][-]{subsection.2.3}{\376\377\000[\000P\000A\000N\000D\000O\000R\000A\000]\000\040\000P\000a\000t\000h\000\040\000H\000i\000j\000a\000c\000k\000i\000n\000g}{section.2}% 24
\BOOKMARK [3][-]{subsubsection.2.3.1}{\376\377\000E\000v\000i\000d\000e\000n\000c\000e}{subsection.2.3}% 25
\BOOKMARK [3][-]{subsubsection.2.3.2}{\376\377\000A\000f\000f\000e\000c\000t\000e\000d\000\040\000A\000s\000s\000e\000t\000s}{subsection.2.3}% 26
\BOOKMARK [3][-]{subsubsection.2.3.3}{\376\377\000S\000e\000v\000e\000r\000i\000t\000y}{subsection.2.3}% 27
\BOOKMARK [3][-]{subsubsection.2.3.4}{\376\377\000R\000e\000c\000o\000m\000m\000e\000n\000d\000a\000t\000i\000o\000n\000s}{subsection.2.3}% 28
\BOOKMARK [3][-]{subsubsection.2.3.5}{\376\377\000R\000e\000f\000e\000r\000e\000n\000c\000e\000s}{subsection.2.3}% 29
\BOOKMARK [3][-]{subsubsection.2.3.6}{\376\377\000I\000m\000a\000g\000e\000s}{subsection.2.3}% 30
\BOOKMARK [2][-]{subsection.2.4}{\376\377\000[\000R\000U\000N\000N\000E\000R\000]\000\040\000C\000o\000n\000t\000a\000i\000n\000e\000r\000\040\000A\000d\000m\000i\000n\000i\000s\000t\000r\000a\000t\000i\000o\000n\000\040\000C\000o\000m\000m\000a\000n\000d\000s}{section.2}% 31
\BOOKMARK [3][-]{subsubsection.2.4.1}{\376\377\000E\000v\000i\000d\000e\000n\000c\000e}{subsection.2.4}% 32
\BOOKMARK [3][-]{subsubsection.2.4.2}{\376\377\000A\000f\000f\000e\000c\000t\000e\000d\000\040\000A\000s\000s\000e\000t\000s}{subsection.2.4}% 33
\BOOKMARK [3][-]{subsubsection.2.4.3}{\376\377\000S\000e\000v\000e\000r\000i\000t\000y}{subsection.2.4}% 34
\BOOKMARK [3][-]{subsubsection.2.4.4}{\376\377\000R\000e\000c\000o\000m\000m\000e\000n\000d\000a\000t\000i\000o\000n\000s}{subsection.2.4}% 35
\BOOKMARK [3][-]{subsubsection.2.4.5}{\376\377\000R\000e\000f\000e\000r\000e\000n\000c\000e\000s}{subsection.2.4}% 36
\BOOKMARK [3][-]{subsubsection.2.4.6}{\376\377\000I\000m\000a\000g\000e\000s}{subsection.2.4}% 37
\BOOKMARK [2][-]{subsection.2.5}{\376\377\000[\000P\000R\000E\000M\000O\000N\000I\000T\000I\000O\000N\000]\000\040\000P\000h\000i\000s\000h\000i\000n\000g}{section.2}% 38
\BOOKMARK [3][-]{subsubsection.2.5.1}{\376\377\000E\000v\000i\000d\000e\000n\000c\000e}{subsection.2.5}% 39
\BOOKMARK [3][-]{subsubsection.2.5.2}{\376\377\000A\000f\000f\000e\000c\000t\000e\000d\000\040\000A\000s\000s\000e\000t\000s}{subsection.2.5}% 40
\BOOKMARK [3][-]{subsubsection.2.5.3}{\376\377\000S\000e\000v\000e\000r\000i\000t\000y}{subsection.2.5}% 41
\BOOKMARK [3][-]{subsubsection.2.5.4}{\376\377\000R\000e\000c\000o\000m\000m\000e\000n\000d\000a\000t\000i\000o\000n\000s}{subsection.2.5}% 42
\BOOKMARK [3][-]{subsubsection.2.5.5}{\376\377\000R\000e\000f\000e\000r\000e\000n\000c\000e\000s}{subsection.2.5}% 43
\BOOKMARK [3][-]{subsubsection.2.5.6}{\376\377\000I\000m\000a\000g\000e\000s}{subsection.2.5}% 44
